<?xml version="1.0" encoding="UTF-8"?>
<robot generator="Robot 7.0 (Python 3.12.3 on win32)" generated="2024-04-29T19:22:47.308946" rpa="false" schemaversion="5">
<suite id="s1" name="Tests" source="C:\Users\Nunes\Documents\ProjetoTestandoFrontEndRobotFramework\tests">
<suite id="s1-s1" name="Testes Serverest" source="C:\Users\Nunes\Documents\ProjetoTestandoFrontEndRobotFramework\tests\testes_serverest.robot">
<test id="s1-s1-t1" name="Cenario de teste: Cadastro de Usuario administrador" line="7">
<kw name="Abrir o navegador" owner="testes_recursos_serverest" type="SETUP">
<kw name="Open Browser" owner="SeleniumLibrary">
<msg time="2024-04-29T19:22:47.509647" level="INFO">Opening browser 'chrome' to base url 'None'.</msg>
<msg time="2024-04-29T19:22:48.765149" level="WARN">The chromedriver version (123.0.6312.122) detected in PATH at C:\Users\Nunes\AppData\Local\Programs\Python\Python312\Scripts\chromedriver.exe might not be compatible with the detected chrome version (124.0.6367.63); currently, chromedriver 124.0.6367.91 is recommended for chrome 124.*, so it is advised to delete the driver in PATH and retry</msg>
<arg>browser=chrome</arg>
<doc>Opens a new browser instance to the optional ``url``.</doc>
<status status="PASS" start="2024-04-29T19:22:47.509647" elapsed="2.320004"/>
</kw>
<kw name="Maximize Browser Window" owner="SeleniumLibrary">
<doc>Maximizes current browser window.</doc>
<status status="PASS" start="2024-04-29T19:22:49.830655" elapsed="0.119918"/>
</kw>
<status status="PASS" start="2024-04-29T19:22:47.509647" elapsed="2.440926"/>
</kw>
<kw name="Passo 1 - Acessar a pagina de login ServeRest" owner="testes_recursos_serverest">
<kw name="Go To" owner="SeleniumLibrary">
<msg time="2024-04-29T19:22:49.951573" level="INFO">Opening url 'https://front.serverest.dev/login'</msg>
<arg>url=${URL}</arg>
<doc>Navigates the current browser window to the provided ``url``.</doc>
<status status="PASS" start="2024-04-29T19:22:49.951573" elapsed="2.131934"/>
</kw>
<status status="PASS" start="2024-04-29T19:22:49.951573" elapsed="2.131934"/>
</kw>
<kw name="Passo 2 - Clicar em cadastre-se" owner="testes_recursos_serverest">
<kw name="Wait Until Element Is Visible" owner="SeleniumLibrary">
<arg>locator=${cadastraseLink}</arg>
<doc>Waits until the element ``locator`` is visible.</doc>
<status status="PASS" start="2024-04-29T19:22:52.084539" elapsed="0.050111"/>
</kw>
<kw name="Click Element" owner="SeleniumLibrary">
<msg time="2024-04-29T19:22:52.135653" level="INFO">Clicking element '//a[@data-testid='cadastrar'][contains(.,'Cadastre-se')]'.</msg>
<arg>locator=${cadastraseLink}</arg>
<doc>Click the element identified by ``locator``.</doc>
<status status="PASS" start="2024-04-29T19:22:52.135653" elapsed="0.103309"/>
</kw>
<status status="PASS" start="2024-04-29T19:22:52.084539" elapsed="0.155457"/>
</kw>
<kw name="Passo 3 -Digitar um nome" owner="testes_recursos_serverest">
<kw name="Wait Until Element Is Visible" owner="SeleniumLibrary">
<arg>locator=${nomeInput}</arg>
<doc>Waits until the element ``locator`` is visible.</doc>
<status status="PASS" start="2024-04-29T19:22:52.239996" elapsed="0.012230"/>
</kw>
<kw name="Input Text" owner="SeleniumLibrary">
<msg time="2024-04-29T19:22:52.253228" level="INFO">Typing text 'Testernildo da Silva' into text field '//input[contains(@name,'nome')]'.</msg>
<arg>locator=${nomeInput}</arg>
<arg>text=Testernildo da Silva</arg>
<doc>Types the given ``text`` into the text field identified by ``locator``.</doc>
<status status="PASS" start="2024-04-29T19:22:52.253228" elapsed="0.065698"/>
</kw>
<status status="PASS" start="2024-04-29T19:22:52.239996" elapsed="0.078930"/>
</kw>
<kw name="Passo 4 - Digitar um e-mail" owner="testes_recursos_serverest">
<kw name="Wait Until Element Is Visible" owner="SeleniumLibrary">
<arg>locator=${emailInput}</arg>
<doc>Waits until the element ``locator`` is visible.</doc>
<status status="PASS" start="2024-04-29T19:22:52.318926" elapsed="0.011288"/>
</kw>
<kw name="Input Text" owner="SeleniumLibrary">
<msg time="2024-04-29T19:22:52.330214" level="INFO">Typing text 'testernildodasilva2024@qa.coders.com.br' into text field '//input[contains(@name,'email')]'.</msg>
<arg>locator=${emailInput}</arg>
<arg>text=testernildodasilva2024@qa.coders.com.br</arg>
<doc>Types the given ``text`` into the text field identified by ``locator``.</doc>
<status status="PASS" start="2024-04-29T19:22:52.330214" elapsed="0.067699"/>
</kw>
<status status="PASS" start="2024-04-29T19:22:52.318926" elapsed="0.079490"/>
</kw>
<kw name="Passo 5 - Digitar uma senha" owner="testes_recursos_serverest">
<kw name="Wait Until Element Is Visible" owner="SeleniumLibrary">
<arg>locator=${senhaInput}</arg>
<doc>Waits until the element ``locator`` is visible.</doc>
<status status="PASS" start="2024-04-29T19:22:52.398416" elapsed="0.011044"/>
</kw>
<kw name="Input Password" owner="SeleniumLibrary">
<msg time="2024-04-29T19:22:52.409460" level="INFO">Typing password into text field '//input[contains(@name,'password')]'.</msg>
<msg time="2024-04-29T19:22:52.426312" level="INFO">Temporally setting log level to: NONE</msg>
<arg>locator=${senhaInput}</arg>
<arg>password=TesternildoQacoders@10</arg>
<doc>Types the given password into the text field identified by ``locator``.</doc>
<status status="PASS" start="2024-04-29T19:22:52.409460" elapsed="0.057536"/>
</kw>
<status status="PASS" start="2024-04-29T19:22:52.398416" elapsed="0.068580"/>
</kw>
<kw name="Passo 6- Escolher perfil de usuário administrador" owner="testes_recursos_serverest">
<kw name="Wait Until Element Is Visible" owner="SeleniumLibrary">
<arg>locator=${administradorCheckbox}</arg>
<doc>Waits until the element ``locator`` is visible.</doc>
<status status="PASS" start="2024-04-29T19:22:52.466996" elapsed="0.011673"/>
</kw>
<kw name="Select Checkbox" owner="SeleniumLibrary">
<msg time="2024-04-29T19:22:52.478669" level="INFO">Selecting checkbox '//input[contains(@name,'administrador')]'.</msg>
<arg>locator=${administradorCheckbox}</arg>
<doc>Selects the checkbox identified by ``locator``.</doc>
<status status="PASS" start="2024-04-29T19:22:52.478669" elapsed="0.036795"/>
</kw>
<status status="PASS" start="2024-04-29T19:22:52.466996" elapsed="0.049468"/>
</kw>
<kw name="Passo 7- Clicar em cadastrar" owner="testes_recursos_serverest">
<kw name="Wait Until Element Is Visible" owner="SeleniumLibrary">
<arg>locator=${cadastrarButton}</arg>
<doc>Waits until the element ``locator`` is visible.</doc>
<status status="PASS" start="2024-04-29T19:22:52.516464" elapsed="0.011169"/>
</kw>
<kw name="Click Button" owner="SeleniumLibrary">
<msg time="2024-04-29T19:22:52.527633" level="INFO">Clicking button '//button[@data-testid='cadastrar'][contains(.,'Cadastrar')]'.</msg>
<arg>locator=${cadastrarButton}</arg>
<doc>Clicks the button identified by ``locator``.</doc>
<status status="PASS" start="2024-04-29T19:22:52.527633" elapsed="0.032900"/>
</kw>
<status status="PASS" start="2024-04-29T19:22:52.516464" elapsed="0.045072"/>
</kw>
<kw name="Fechar o navegador" owner="testes_recursos_serverest" type="TEARDOWN">
<kw name="Close Browser" owner="SeleniumLibrary">
<doc>Closes the current browser.</doc>
<status status="PASS" start="2024-04-29T19:22:52.561536" elapsed="2.074494"/>
</kw>
<status status="PASS" start="2024-04-29T19:22:52.561536" elapsed="2.074494"/>
</kw>
<status status="PASS" start="2024-04-29T19:22:47.508496" elapsed="7.127534"/>
</test>
<status status="PASS" start="2024-04-29T19:22:47.337670" elapsed="7.299903"/>
</suite>
<status status="PASS" start="2024-04-29T19:22:47.310280" elapsed="7.327293"/>
</suite>
<statistics>
<total>
<stat pass="1" fail="0" skip="0">All Tests</stat>
</total>
<tag>
</tag>
<suite>
<stat pass="1" fail="0" skip="0" id="s1" name="Tests">Tests</stat>
<stat pass="1" fail="0" skip="0" id="s1-s1" name="Testes Serverest">Tests.Testes Serverest</stat>
</suite>
</statistics>
<errors>
<msg time="2024-04-29T19:22:48.765149" level="WARN">The chromedriver version (123.0.6312.122) detected in PATH at C:\Users\Nunes\AppData\Local\Programs\Python\Python312\Scripts\chromedriver.exe might not be compatible with the detected chrome version (124.0.6367.63); currently, chromedriver 124.0.6367.91 is recommended for chrome 124.*, so it is advised to delete the driver in PATH and retry</msg>
</errors>
</robot>
